Build started 2017/5/1 星期一 下午 9:32:53.
     1>Project "E:\my-space\ogse\CoordTran\CoordTran.vcxproj" on node 2 (build target(s)).
     1>InitializeBuildStatus:
         Creating "Release\CoordTran.unsuccessfulbuild" because "AlwaysCreate" was specified.
       ClCompile:
         D:\Program Files (x86)\Microsoft Visual Studio 10.0\VC\bin\CL.exe /c /Zi /nologo /W3 /WX- /O2 /Oi /Oy- /GL /D WIN32 /D NDEBUG /D _WINDOWS /D _USRDLL /D COORDTRAN_EXPORTS /D _WINDLL /D _UNICODE /D UNICODE /Gm- /EHsc /MD /GS /Gy /fp:precise /Zc:wchar_t /Zc:forScope /Fo"Release\\" /Fd"Release\vc100.pdb" /Gd /TP /analyze- /errorReport:prompt GaussProj.cpp GeoAlbersProjection.cpp GeoDatum.cpp GeoEllipse.cpp GeoEllipsoid.cpp GeoLambert1SPProjection.cpp GeoLambert2SPProjection.cpp GeoMapProjection.cpp GeoMapProjectionFactory.cpp GeoMercatorPojection.cpp GeoTranmerc.cpp GeoUTMProjection.cpp GeoWebMercatorProjection.cpp HammerProj.cpp LambertProj.cpp MercatorProj.cpp
         GaussProj.cpp
         GeoAlbersProjection.cpp
     1>e:\my-space\ogse\coordtran\GeoEllipsoid.h(95): warning C4251: 'GeoEllipsoid::m_theName' : class 'std::basic_string<_Elem,_Traits,_Ax>' needs to have dll-interface to be used by clients of class 'GeoEllipsoid'
                 with
                 [
                     _Elem=char,
                     _Traits=std::char_traits<char>,
                     _Ax=std::allocator<char>
                 ]
     1>e:\my-space\ogse\coordtran\GeoEllipsoid.h(96): warning C4251: 'GeoEllipsoid::m_theCode' : class 'std::basic_string<_Elem,_Traits,_Ax>' needs to have dll-interface to be used by clients of class 'GeoEllipsoid'
                 with
                 [
                     _Elem=char,
                     _Traits=std::char_traits<char>,
                     _Ax=std::allocator<char>
                 ]
         GeoDatum.cpp
         GeoEllipse.cpp
         GeoEllipsoid.cpp
     1>e:\my-space\ogse\coordtran\GeoEllipsoid.h(95): warning C4251: 'GeoEllipsoid::m_theName' : class 'std::basic_string<_Elem,_Traits,_Ax>' needs to have dll-interface to be used by clients of class 'GeoEllipsoid'
                 with
                 [
                     _Elem=char,
                     _Traits=std::char_traits<char>,
                     _Ax=std::allocator<char>
                 ]
     1>e:\my-space\ogse\coordtran\GeoEllipsoid.h(96): warning C4251: 'GeoEllipsoid::m_theCode' : class 'std::basic_string<_Elem,_Traits,_Ax>' needs to have dll-interface to be used by clients of class 'GeoEllipsoid'
                 with
                 [
                     _Elem=char,
                     _Traits=std::char_traits<char>,
                     _Ax=std::allocator<char>
                 ]
         GeoLambert1SPProjection.cpp
     1>e:\my-space\ogse\coordtran\GeoEllipsoid.h(95): warning C4251: 'GeoEllipsoid::m_theName' : class 'std::basic_string<_Elem,_Traits,_Ax>' needs to have dll-interface to be used by clients of class 'GeoEllipsoid'
                 with
                 [
                     _Elem=char,
                     _Traits=std::char_traits<char>,
                     _Ax=std::allocator<char>
                 ]
     1>e:\my-space\ogse\coordtran\GeoEllipsoid.h(96): warning C4251: 'GeoEllipsoid::m_theCode' : class 'std::basic_string<_Elem,_Traits,_Ax>' needs to have dll-interface to be used by clients of class 'GeoEllipsoid'
                 with
                 [
                     _Elem=char,
                     _Traits=std::char_traits<char>,
                     _Ax=std::allocator<char>
                 ]
         GeoLambert2SPProjection.cpp
     1>e:\my-space\ogse\coordtran\GeoEllipsoid.h(95): warning C4251: 'GeoEllipsoid::m_theName' : class 'std::basic_string<_Elem,_Traits,_Ax>' needs to have dll-interface to be used by clients of class 'GeoEllipsoid'
                 with
                 [
                     _Elem=char,
                     _Traits=std::char_traits<char>,
                     _Ax=std::allocator<char>
                 ]
     1>e:\my-space\ogse\coordtran\GeoEllipsoid.h(96): warning C4251: 'GeoEllipsoid::m_theCode' : class 'std::basic_string<_Elem,_Traits,_Ax>' needs to have dll-interface to be used by clients of class 'GeoEllipsoid'
                 with
                 [
                     _Elem=char,
                     _Traits=std::char_traits<char>,
                     _Ax=std::allocator<char>
                 ]
         GeoMapProjection.cpp
     1>e:\my-space\ogse\coordtran\GeoEllipsoid.h(95): warning C4251: 'GeoEllipsoid::m_theName' : class 'std::basic_string<_Elem,_Traits,_Ax>' needs to have dll-interface to be used by clients of class 'GeoEllipsoid'
                 with
                 [
                     _Elem=char,
                     _Traits=std::char_traits<char>,
                     _Ax=std::allocator<char>
                 ]
     1>e:\my-space\ogse\coordtran\GeoEllipsoid.h(96): warning C4251: 'GeoEllipsoid::m_theCode' : class 'std::basic_string<_Elem,_Traits,_Ax>' needs to have dll-interface to be used by clients of class 'GeoEllipsoid'
                 with
                 [
                     _Elem=char,
                     _Traits=std::char_traits<char>,
                     _Ax=std::allocator<char>
                 ]
         GeoMapProjectionFactory.cpp
         GeoMercatorPojection.cpp
     1>e:\my-space\ogse\coordtran\GeoEllipsoid.h(95): warning C4251: 'GeoEllipsoid::m_theName' : class 'std::basic_string<_Elem,_Traits,_Ax>' needs to have dll-interface to be used by clients of class 'GeoEllipsoid'
                 with
                 [
                     _Elem=char,
                     _Traits=std::char_traits<char>,
                     _Ax=std::allocator<char>
                 ]
     1>e:\my-space\ogse\coordtran\GeoEllipsoid.h(96): warning C4251: 'GeoEllipsoid::m_theCode' : class 'std::basic_string<_Elem,_Traits,_Ax>' needs to have dll-interface to be used by clients of class 'GeoEllipsoid'
                 with
                 [
                     _Elem=char,
                     _Traits=std::char_traits<char>,
                     _Ax=std::allocator<char>
                 ]
         GeoTranmerc.cpp
         GeoUTMProjection.cpp
     1>e:\my-space\ogse\coordtran\GeoEllipsoid.h(95): warning C4251: 'GeoEllipsoid::m_theName' : class 'std::basic_string<_Elem,_Traits,_Ax>' needs to have dll-interface to be used by clients of class 'GeoEllipsoid'
                 with
                 [
                     _Elem=char,
                     _Traits=std::char_traits<char>,
                     _Ax=std::allocator<char>
                 ]
     1>e:\my-space\ogse\coordtran\GeoEllipsoid.h(96): warning C4251: 'GeoEllipsoid::m_theCode' : class 'std::basic_string<_Elem,_Traits,_Ax>' needs to have dll-interface to be used by clients of class 'GeoEllipsoid'
                 with
                 [
                     _Elem=char,
                     _Traits=std::char_traits<char>,
                     _Ax=std::allocator<char>
                 ]
         GeoWebMercatorProjection.cpp
     1>e:\my-space\ogse\coordtran\GeoEllipsoid.h(95): warning C4251: 'GeoEllipsoid::m_theName' : class 'std::basic_string<_Elem,_Traits,_Ax>' needs to have dll-interface to be used by clients of class 'GeoEllipsoid'
                 with
                 [
                     _Elem=char,
                     _Traits=std::char_traits<char>,
                     _Ax=std::allocator<char>
                 ]
     1>e:\my-space\ogse\coordtran\GeoEllipsoid.h(96): warning C4251: 'GeoEllipsoid::m_theCode' : class 'std::basic_string<_Elem,_Traits,_Ax>' needs to have dll-interface to be used by clients of class 'GeoEllipsoid'
                 with
                 [
                     _Elem=char,
                     _Traits=std::char_traits<char>,
                     _Ax=std::allocator<char>
                 ]
         HammerProj.cpp
         LambertProj.cpp
         MercatorProj.cpp
       Link:
         D:\Program Files (x86)\Microsoft Visual Studio 10.0\VC\bin\link.exe /ERRORREPORT:PROMPT /OUT:"E:\my-space\ogse\Build\VC10\Release\CoordTran.dll" /INCREMENTAL:NO /NOLOGO kernel32.lib user32.lib gdi32.lib winspool.lib comdlg32.lib advapi32.lib shell32.lib ole32.lib oleaut32.lib uuid.lib odbc32.lib odbccp32.lib /MANIFEST /ManifestFile:"Release\CoordTran.dll.intermediate.manifest" /MANIFESTUAC:"level='asInvoker' uiAccess='false'" /DEBUG /PDB:"E:\my-space\ogse\Build\VC10\Release\CoordTran.pdb" /SUBSYSTEM:WINDOWS /OPT:REF /OPT:ICF /LTCG /TLBID:1 /DYNAMICBASE /NXCOMPAT /IMPLIB:"E:\my-space\ogse\Build\VC10\Release\CoordTran.lib" /MACHINE:X86 /DLL Release\GaussProj.obj
         Release\GeoAlbersProjection.obj
         Release\GeoDatum.obj
         Release\GeoEllipse.obj
         Release\GeoEllipsoid.obj
         Release\GeoLambert1SPProjection.obj
         Release\GeoLambert2SPProjection.obj
         Release\GeoMapProjection.obj
         Release\GeoMapProjectionFactory.obj
         Release\GeoMercatorPojection.obj
         Release\GeoTranmerc.obj
         Release\GeoUTMProjection.obj
         Release\GeoWebMercatorProjection.obj
         Release\HammerProj.obj
         Release\LambertProj.obj
         Release\MercatorProj.obj
            Creating library E:\my-space\ogse\Build\VC10\Release\CoordTran.lib and object E:\my-space\ogse\Build\VC10\Release\CoordTran.exp
         Generating code
         Finished generating code
         CoordTran.vcxproj -> E:\my-space\ogse\Build\VC10\Release\CoordTran.dll
       Manifest:
         C:\Program Files (x86)\Microsoft SDKs\Windows\v7.0A\bin\mt.exe /nologo /verbose /outputresource:"E:\my-space\ogse\Build\VC10\Release\CoordTran.dll;#2" /manifest Release\CoordTran.dll.intermediate.manifest
       FinalizeBuildStatus:
         Deleting file "Release\CoordTran.unsuccessfulbuild".
         Touching "Release\CoordTran.lastbuildstate".
     1>Done Building Project "E:\my-space\ogse\CoordTran\CoordTran.vcxproj" (build target(s)).

Build succeeded.

Time Elapsed 00:00:03.31
